\BOOKMARK [0][-]{section*.1}{\376\377\000A\000b\000s\000t\000r\000a\000c\000t}{}% 1
\BOOKMARK [0][-]{section*.2}{\376\377\000A\000c\000k\000n\000o\000w\000l\000e\000d\000g\000e\000m\000e\000n\000t\000s}{}% 2
\BOOKMARK [0][-]{chapter.8}{\376\377\000I\000n\000t\000r\000o\000d\000u\000c\000t\000i\000o\000n}{}% 3
\BOOKMARK [1][-]{section.9}{\376\377\000M\000o\000t\000i\000v\000a\000t\000i\000o\000n\000/\000B\000a\000c\000k\000g\000r\000o\000u\000n\000d}{chapter.8}% 4
\BOOKMARK [1][-]{section.10}{\376\377\000R\000e\000s\000e\000a\000r\000c\000h\000\040\000Q\000u\000e\000s\000t\000i\000o\000n\000s}{chapter.8}% 5
\BOOKMARK [0][-]{chapter.11}{\376\377\000L\000i\000t\000e\000r\000a\000t\000u\000r\000e\000\040\000r\000e\000v\000i\000e\000w}{}% 6
\BOOKMARK [1][-]{section.12}{\376\377\000C\000r\000e\000a\000t\000i\000v\000i\000t\000y}{chapter.11}% 7
\BOOKMARK [2][-]{subsection.13}{\376\377\000H\000o\000w\000\040\000i\000s\000\040\000c\000r\000e\000a\000t\000i\000v\000i\000t\000y\000\040\000d\000o\000n\000e\000?}{section.12}% 8
\BOOKMARK [1][-]{section.14}{\376\377\000C\000o\000n\000c\000e\000p\000t\000\040\000b\000l\000e\000n\000d\000i\000n\000g}{chapter.11}% 9
\BOOKMARK [1][-]{section.15}{\376\377\000A\000n\000a\000l\000o\000g\000y}{chapter.11}% 10
\BOOKMARK [1][-]{section.16}{\376\377\000A\000m\000a\000l\000g\000a\000m}{chapter.11}% 11
\BOOKMARK [1][-]{section.17}{\376\377\000M\000e\000a\000n\000i\000n\000g\000\040\000a\000n\000d\000\040\000c\000o\000n\000t\000e\000x\000t}{chapter.11}% 12
\BOOKMARK [0][-]{chapter.18}{\376\377\000M\000e\000t\000h\000o\000d\000s\000\040\000a\000n\000d\000\040\000m\000e\000t\000h\000o\000d\000o\000l\000o\000g\000i\000e\000s}{}% 13
\BOOKMARK [1][-]{section.19}{\376\377\000P\000e\000r\000s\000o\000n\000a\000l\000\040\000K\000a\000n\000b\000a\000n}{chapter.18}% 14
\BOOKMARK [1][-]{section.23}{\376\377\000P\000r\000o\000o\000f\000\040\000o\000f\000\040\000c\000o\000n\000c\000e\000p\000t}{chapter.18}% 15
\BOOKMARK [0][-]{chapter.24}{\376\377\000D\000e\000v\000e\000l\000o\000p\000m\000e\000n\000t}{}% 16
\BOOKMARK [1][-]{section.25}{\376\377\000T\000o\000o\000l\000s\000\040\000a\000n\000d\000\040\000t\000e\000c\000h\000n\000o\000l\000o\000g\000i\000e\000s}{chapter.24}% 17
\BOOKMARK [1][-]{section.26}{\376\377\000I\000t\000e\000r\000a\000t\000i\000o\000n\000s}{chapter.24}% 18
\BOOKMARK [1][-]{section.27}{\376\377\000A\000p\000p\000l\000i\000c\000a\000t\000i\000o\000n\000\040\000s\000t\000r\000u\000c\000t\000u\000r\000e}{chapter.24}% 19
\BOOKMARK [0][-]{chapter.28}{\376\377\000C\000o\000n\000c\000e\000p\000t\000\040\000B\000l\000e\000n\000d\000i\000n\000g\000\040\000A\000l\000g\000o\000r\000i\000t\000h\000m}{}% 20
\BOOKMARK [1][-]{section.29}{\376\377\000C\000o\000n\000c\000e\000p\000t\000\040\000b\000l\000e\000n\000d\000i\000n\000g}{chapter.28}% 21
\BOOKMARK [1][-]{section.30}{\376\377\000F\000i\000n\000d\000i\000n\000g\000\040\000u\000s\000e\000f\000u\000l\000\040\000p\000r\000o\000p\000e\000r\000t\000i\000e\000s}{chapter.28}% 22
\BOOKMARK [1][-]{section.31}{\376\377\000I\000d\000e\000n\000t\000i\000f\000y\000i\000n\000g\000\040\000n\000o\000u\000n\000\040\000p\000h\000r\000a\000s\000e\000s}{chapter.28}% 23
\BOOKMARK [1][-]{section.32}{\376\377\000W\000o\000r\000d\000N\000e\000t\000\040\000d\000a\000t\000a\000b\000a\000s\000e}{chapter.28}% 24
\BOOKMARK [2][-]{subsection.33}{\376\377\000S\000t\000e\000m\000m\000i\000n\000g}{section.32}% 25
\BOOKMARK [1][-]{section.34}{\376\377\000W\000o\000r\000d\000\040\000s\000e\000n\000s\000e\000\040\000d\000i\000s\000a\000m\000b\000i\000g\000u\000a\000t\000i\000o\000n\000\040\000i\000n\000\040\000d\000e\000s\000c\000r\000i\000p\000t\000i\000o\000n\000s}{chapter.28}% 26
\BOOKMARK [2][-]{subsection.35}{\376\377\000W\000o\000r\000d\000\040\000s\000e\000n\000s\000e\000\040\000d\000i\000s\000a\000m\000b\000i\000g\000u\000a\000t\000i\000o\000n}{section.34}% 27
\BOOKMARK [2][-]{subsection.36}{\376\377\000S\000c\000o\000r\000i\000n\000g\000\040\000o\000f\000\040\000s\000y\000n\000s\000e\000t\000s}{section.34}% 28
\BOOKMARK [1][-]{section.37}{\376\377\000C\000r\000e\000a\000t\000i\000v\000e\000\040\000s\000t\000r\000a\000t\000e\000g\000y}{chapter.28}% 29
\BOOKMARK [2][-]{subsection.38}{\376\377\000G\000e\000n\000e\000r\000a\000l\000i\000z\000a\000t\000i\000o\000n\000\040\000b\000y\000\040\000h\000y\000p\000e\000r\000n\000y\000m\000s}{section.37}% 30
\BOOKMARK [1][-]{section.39}{\376\377\000E\000v\000a\000l\000u\000a\000t\000i\000o\000n\000\040\000o\000f\000\040\000b\000l\000e\000n\000d\000i\000n\000g}{chapter.28}% 31
\BOOKMARK [0][-]{chapter.40}{\376\377\000R\000e\000s\000u\000l\000t\000s}{}% 32
\BOOKMARK [1][-]{section.41}{\376\377\000C\000o\000n\000c\000e\000p\000t\000\040\000b\000l\000e\000n\000d\000i\000n\000g\000\040\000i\000m\000p\000l\000e\000m\000e\000n\000t\000a\000t\000i\000o\000n}{chapter.40}% 33
\BOOKMARK [2][-]{subsection.42}{\376\377\000D\000e\000p\000t\000h\000\040\000o\000f\000\040\000t\000h\000e\000\040\000w\000o\000r\000d\000\040\000i\000n\000\040\000h\000y\000p\000e\000r\000n\000y\000m\000\040\000t\000r\000e\000e}{section.41}% 34
\BOOKMARK [2][-]{subsection.43}{\376\377\000B\000r\000a\000n\000c\000h\000\040\000l\000e\000n\000g\000t\000h\000\040\000t\000o\000\040\000s\000h\000a\000r\000e\000d\000\040\000h\000y\000p\000e\000r\000n\000y\000m\000s}{section.41}% 35
\BOOKMARK [2][-]{subsection.44}{\376\377\000P\000e\000n\000a\000l\000i\000z\000i\000n\000g\000\040\000c\000e\000r\000t\000a\000i\000n\000\040\000c\000a\000t\000e\000g\000o\000r\000i\000e\000s}{section.41}% 36
\BOOKMARK [1][-]{section.47}{\376\377\000A\000l\000t\000e\000r\000n\000a\000t\000i\000v\000e\000\040\000b\000l\000e\000n\000d\000i\000n\000g\000\040\000c\000a\000t\000e\000g\000o\000r\000y}{chapter.40}% 37
\BOOKMARK [2][-]{subsection.48}{\376\377\000S\000p\000o\000r\000t\000s}{section.47}% 38
\BOOKMARK [1][-]{section.49}{\376\377\000W\000o\000r\000d\000\040\000s\000e\000n\000s\000e\000\040\000d\000i\000s\000a\000m\000b\000i\000g\000u\000a\000t\000i\000o\000n\000\040\000i\000n\000\040\000d\000e\000s\000c\000r\000i\000p\000t\000i\000o\000n\000s}{chapter.40}% 39
\BOOKMARK [1][-]{section.50}{\376\377\000C\000r\000e\000a\000t\000i\000v\000e\000\040\000s\000t\000r\000a\000t\000e\000g\000y}{chapter.40}% 40
\BOOKMARK [1][-]{section.51}{\376\377\000E\000v\000a\000l\000u\000a\000t\000i\000o\000n\000\040\000o\000f\000\040\000b\000l\000e\000n\000d\000i\000n\000g}{chapter.40}% 41
\BOOKMARK [0][-]{chapter.52}{\376\377\000E\000v\000a\000l\000u\000a\000t\000i\000o\000n}{}% 42
\BOOKMARK [1][-]{section.53}{\376\377\000P\000e\000r\000f\000o\000r\000m\000a\000n\000c\000e\000/\000A\000c\000c\000u\000r\000a\000c\000y}{chapter.52}% 43
\BOOKMARK [1][-]{section.54}{\376\377\000C\000r\000e\000a\000t\000i\000v\000e\000\040\000s\000t\000r\000a\000t\000e\000g\000y}{chapter.52}% 44
\BOOKMARK [1][-]{section.55}{\376\377\000C\000r\000e\000a\000t\000i\000v\000e\000\040\000v\000a\000l\000u\000e}{chapter.52}% 45
\BOOKMARK [1][-]{section.56}{\376\377\000I\000m\000p\000r\000o\000v\000e\000m\000e\000n\000t\000s}{chapter.52}% 46
\BOOKMARK [0][-]{chapter.57}{\376\377\000D\000i\000s\000c\000u\000s\000s\000i\000o\000n}{}% 47
\BOOKMARK [1][-]{section.58}{\376\377\000D\000a\000t\000a\000\040\000s\000t\000r\000u\000c\000t\000u\000r\000e}{chapter.57}% 48
\BOOKMARK [1][-]{section.59}{\376\377\000M\000e\000a\000n\000i\000n\000g}{chapter.57}% 49
\BOOKMARK [1][-]{section.60}{\376\377\000H\000u\000m\000a\000n\000\040\000i\000n\000t\000e\000r\000p\000r\000e\000t\000a\000t\000i\000o\000n\000\040\000o\000f\000\040\000b\000l\000e\000n\000d\000i\000n\000g\000\040\000r\000e\000s\000u\000l\000t\000s}{chapter.57}% 50
\BOOKMARK [1][-]{section.61}{\376\377\000D\000i\000f\000f\000e\000r\000e\000n\000t\000\040\000u\000s\000e\000s\000\040\000o\000f\000\040\000t\000h\000e\000\040\000c\000o\000n\000c\000e\000p\000t\000\040\000b\000l\000e\000n\000d\000i\000n\000g\000\040\000i\000m\000p\000l\000e\000m\000e\000n\000t\000a\000t\000i\000o\000n}{chapter.57}% 51
\BOOKMARK [1][-]{section.62}{\376\377\000S\000u\000m\000m\000a\000r\000y}{chapter.57}% 52
\BOOKMARK [0][-]{chapter.63}{\376\377\000C\000o\000n\000c\000l\000u\000s\000i\000o\000n\000\040\000a\000n\000d\000\040\000f\000u\000t\000u\000r\000e\000\040\000w\000o\000r\000k}{}% 53
\BOOKMARK [1][-]{section.64}{\376\377\000C\000o\000n\000c\000l\000u\000s\000i\000o\000n\000s}{chapter.63}% 54
\BOOKMARK [1][-]{section.65}{\376\377\000F\000u\000t\000u\000r\000e\000\040\000w\000o\000r\000k}{chapter.63}% 55
\BOOKMARK [1][-]{section.66}{\376\377\000F\000u\000t\000u\000r\000e\000\040\000r\000e\000s\000e\000a\000r\000c\000h}{chapter.63}% 56
\BOOKMARK [0][-]{appendix*.67}{\376\377\000B\000i\000b\000l\000i\000o\000g\000r\000a\000p\000h\000y}{}% 57
